<?xml version="1.0" encoding="UTF-8"?>
<!-- Generated by org.testng.reporters.JUnitReportReporter -->
<testsuite hostname="LAPTOP-4NE0CSMH" failures="0" tests="1" name="Testcases.TCC1Logintest" time="5.420" errors="0" timestamp="2024-09-15T19:54:24 IST" skipped="0">
  <testcase classname="Testcases.TCC1Logintest" name="Login" time="5.420"/>
</testsuite> <!-- Testcases.TCC1Logintest -->
