<?xml version="1.0" encoding="UTF-8"?>
<!-- Generated by org.testng.reporters.JUnitReportReporter -->
<testsuite hostname="LAPTOP-4NE0CSMH" failures="0" tests="1" name="Testcases.TCC2Landingtest" time="8.991" errors="0" timestamp="2024-09-15T19:54:24 IST" skipped="0">
  <testcase classname="Testcases.TCC2Landingtest" name="Landing" time="8.991"/>
</testsuite> <!-- Testcases.TCC2Landingtest -->
